<?xml version="1.0" encoding="UTF-8"?>
<testsuite name="Access Modifier Tests" tests="4" skipped="0" failures="0" errors="0" timestamp="2025-09-28T17:02:27" hostname="WIN-5R5H86DGDUT" time="0.002">
  <properties/>
  <testcase name="[1] firstName" classname="ua.university.model.PersonTest$AccessModifierTests" time="0.0"/>
  <testcase name="[2] lastName" classname="ua.university.model.PersonTest$AccessModifierTests" time="0.0"/>
  <testcase name="[3] email" classname="ua.university.model.PersonTest$AccessModifierTests" time="0.0"/>
  <testcase name="getFullName method should be protected" classname="ua.university.model.PersonTest$AccessModifierTests" time="0.0"/>
  <system-out><![CDATA[]]></system-out>
  <system-err><![CDATA[]]></system-err>
</testsuite>
