<?xml version="1.0" encoding="UTF-8"?>
<testsuite name="toString Tests" tests="2" skipped="0" failures="0" errors="0" timestamp="2025-09-28T17:02:27" hostname="WIN-5R5H86DGDUT" time="0.002">
  <properties/>
  <testcase name="Should format toString correctly with null fields" classname="ua.university.model.PersonTest$ToStringTests" time="0.001"/>
  <testcase name="Should format toString correctly with all fields" classname="ua.university.model.PersonTest$ToStringTests" time="0.0"/>
  <system-out><![CDATA[]]></system-out>
  <system-err><![CDATA[]]></system-err>
</testsuite>
