<?xml version="1.0" encoding="UTF-8"?>
<testsuite name="FirstName Tests" tests="8" skipped="0" failures="0" errors="0" timestamp="2025-09-28T17:02:27" hostname="WIN-5R5H86DGDUT" time="0.008">
  <properties/>
  <testcase name="[1] " classname="ua.university.model.PersonTest$FirstNameTests" time="0.001"/>
  <testcase name="[2]    " classname="ua.university.model.PersonTest$FirstNameTests" time="0.001"/>
  <testcase name="[1] john, John" classname="ua.university.model.PersonTest$FirstNameTests" time="0.001"/>
  <testcase name="[2] JANE, Jane" classname="ua.university.model.PersonTest$FirstNameTests" time="0.0"/>
  <testcase name="[3] bOb, Bob" classname="ua.university.model.PersonTest$FirstNameTests" time="0.001"/>
  <testcase name="[4]   alice  , Alice" classname="ua.university.model.PersonTest$FirstNameTests" time="0.0"/>
  <testcase name="Should not set first name that exceeds maximum length" classname="ua.university.model.PersonTest$FirstNameTests" time="0.001"/>
  <testcase name="Should not set null first name" classname="ua.university.model.PersonTest$FirstNameTests" time="0.0"/>
  <system-out><![CDATA[]]></system-out>
  <system-err><![CDATA[]]></system-err>
</testsuite>
