<?xml version="1.0" encoding="UTF-8"?>
<testsuite name="LastName Tests" tests="8" skipped="0" failures="0" errors="0" timestamp="2025-09-28T17:02:27" hostname="WIN-5R5H86DGDUT" time="0.006">
  <properties/>
  <testcase name="[1] smith, Smith" classname="ua.university.model.PersonTest$LastNameTests" time="0.001"/>
  <testcase name="[2] JOHNSON, Johnson" classname="ua.university.model.PersonTest$LastNameTests" time="0.0"/>
  <testcase name="[3] wIlSoN, Wilson" classname="ua.university.model.PersonTest$LastNameTests" time="0.0"/>
  <testcase name="[4]   brown  , Brown" classname="ua.university.model.PersonTest$LastNameTests" time="0.001"/>
  <testcase name="Should not set last name that exceeds maximum length" classname="ua.university.model.PersonTest$LastNameTests" time="0.0"/>
  <testcase name="[1] " classname="ua.university.model.PersonTest$LastNameTests" time="0.0"/>
  <testcase name="[2]    " classname="ua.university.model.PersonTest$LastNameTests" time="0.0"/>
  <testcase name="Should not set null last name" classname="ua.university.model.PersonTest$LastNameTests" time="0.001"/>
  <system-out><![CDATA[]]></system-out>
  <system-err><![CDATA[]]></system-err>
</testsuite>
